<?xml version="1.0" encoding="UTF-8"?>
<testsuite name="com.getchange.migrant.MigrationScriptSpec" tests="1" skipped="0" failures="0" errors="0" timestamp="2019-11-09T20:04:51" hostname="Olabodes-MacBook-Pro-2.local" time="0.02">
  <properties/>
  <testcase name="Returns correct hash()" classname="com.getchange.migrant.MigrationScriptSpec" time="0.02"/>
  <system-out><![CDATA[]]></system-out>
  <system-err><![CDATA[]]></system-err>
</testsuite>
