<?xml version="1.0" encoding="UTF-8"?>
<testsuite name="com.getchange.controllers.OrdersContollerSpec" tests="4" skipped="0" failures="0" errors="0" timestamp="2019-11-10T23:36:18" hostname="Olabodes-MacBook-Pro-2.local" time="6.028">
  <properties/>
  <testcase name="POST buy returns 201 CREATED()" classname="com.getchange.controllers.OrdersContollerSpec" time="5.93"/>
  <testcase name="POST sell returns 201 CREATED()" classname="com.getchange.controllers.OrdersContollerSpec" time="0.003"/>
  <testcase name="GET user orders returns 201 created()" classname="com.getchange.controllers.OrdersContollerSpec" time="0.081"/>
  <testcase name="POST convert returns 201 CREATED()" classname="com.getchange.controllers.OrdersContollerSpec" time="0.004"/>
  <system-out><![CDATA[]]></system-out>
  <system-err><![CDATA[]]></system-err>
</testsuite>
