<?xml version="1.0" encoding="UTF-8"?>
<testsuite name="com.getchange.orderengine.UserServiceSpec" tests="2" skipped="0" failures="0" errors="0" timestamp="2019-11-10T23:35:31" hostname="Olabodes-MacBook-Pro-2.local" time="0.479">
  <properties/>
  <testcase name="get get a user from the repo()" classname="com.getchange.orderengine.UserServiceSpec" time="0.477"/>
  <testcase name="creates a user with the repo()" classname="com.getchange.orderengine.UserServiceSpec" time="0.001"/>
  <system-out><![CDATA[]]></system-out>
  <system-err><![CDATA[]]></system-err>
</testsuite>
