<?xml version="1.0" encoding="UTF-8"?>
<testsuite name="com.getchange.orderengine.OrderServiceSpec" tests="2" skipped="0" failures="0" errors="0" timestamp="2019-11-09T16:22:28" hostname="Olabodes-MacBook-Pro-2.local" time="0.381">
  <properties/>
  <testcase name="creates order()" classname="com.getchange.orderengine.OrderServiceSpec" time="0.378"/>
  <testcase name="loads the user for creating order()" classname="com.getchange.orderengine.OrderServiceSpec" time="0.002"/>
  <system-out><![CDATA[]]></system-out>
  <system-err><![CDATA[]]></system-err>
</testsuite>
