<?xml version="1.0" encoding="UTF-8"?>
<testsuite name="com.getchange.orderengine.OrderServiceSpec" tests="4" skipped="0" failures="0" errors="0" timestamp="2019-11-10T23:35:31" hostname="Olabodes-MacBook-Pro-2.local" time="0.074">
  <properties/>
  <testcase name="creates buy order()" classname="com.getchange.orderengine.OrderServiceSpec" time="0.067"/>
  <testcase name="creates convert order()" classname="com.getchange.orderengine.OrderServiceSpec" time="0.002"/>
  <testcase name="creates sell order()" classname="com.getchange.orderengine.OrderServiceSpec" time="0.002"/>
  <testcase name="lists orders for a user()" classname="com.getchange.orderengine.OrderServiceSpec" time="0.001"/>
  <system-out><![CDATA[]]></system-out>
  <system-err><![CDATA[]]></system-err>
</testsuite>
